0 info it worked if it ends with ok
1 verbose cli [ '/usr/bin/nodejs', '/usr/bin/npm', 'install', 'least.js' ]
2 info using npm@1.4.21
3 info using node@v0.10.25
4 warn package.json angular-agora@0.0.1 No repository field.
5 verbose readDependencies using package.json deps
6 verbose cache add [ 'least.js', null ]
7 verbose cache add name=undefined spec="least.js" args=["least.js",null]
8 verbose parsed url { protocol: null,
8 verbose parsed url   slashes: null,
8 verbose parsed url   auth: null,
8 verbose parsed url   host: null,
8 verbose parsed url   port: null,
8 verbose parsed url   hostname: null,
8 verbose parsed url   hash: null,
8 verbose parsed url   search: null,
8 verbose parsed url   query: null,
8 verbose parsed url   pathname: 'least.js',
8 verbose parsed url   path: 'least.js',
8 verbose parsed url   href: 'least.js' }
9 silly lockFile 8def4e8c-least-js least.js
10 verbose lock least.js /home/anthony/.npm/8def4e8c-least-js.lock
11 silly lockFile 8def4e8c-least-js least.js
12 silly lockFile 8def4e8c-least-js least.js
13 verbose addNamed [ 'least.js', '' ]
14 verbose addNamed [ null, '*' ]
15 silly lockFile 07d431f9-least-js least.js@
16 verbose lock least.js@ /home/anthony/.npm/07d431f9-least-js.lock
17 silly addNameRange { name: 'least.js', range: '*', hasData: false }
18 verbose request where is /least.js
19 verbose request registry https://registry.npmjs.org/
20 verbose request id d155ed42aabce2ed
21 verbose url raw /least.js
22 verbose url resolving [ 'https://registry.npmjs.org/', './least.js' ]
23 verbose url resolved https://registry.npmjs.org/least.js
24 verbose request where is https://registry.npmjs.org/least.js
25 info trying registry request attempt 1 at 23:21:10
26 http GET https://registry.npmjs.org/least.js
27 http 404 https://registry.npmjs.org/least.js
28 silly registry.get cb [ 404,
28 silly registry.get   { 'content-type': 'application/json',
28 silly registry.get     'cache-control': 'max-age=0',
28 silly registry.get     'content-length': '2',
28 silly registry.get     'accept-ranges': 'bytes',
28 silly registry.get     date: 'Thu, 24 Mar 2016 03:21:11 GMT',
28 silly registry.get     via: '1.1 varnish',
28 silly registry.get     age: '0',
28 silly registry.get     connection: 'keep-alive',
28 silly registry.get     'x-served-by': 'cache-dfw1843-DFW',
28 silly registry.get     'x-cache': 'MISS',
28 silly registry.get     'x-cache-hits': '0',
28 silly registry.get     'x-timer': 'S1458789670.939265,VS0,VE213' } ]
29 silly lockFile 07d431f9-least-js least.js@
30 silly lockFile 07d431f9-least-js least.js@
31 error 404 Not Found
31 error 404
31 error 404 'least.js' is not in the npm registry.
31 error 404 You should bug the author to publish it
31 error 404 It was specified as a dependency of 'angular-agora'
31 error 404
31 error 404 Maybe try 'npm search least'
31 error 404
31 error 404 Note that you can also install from a
31 error 404 tarball, folder, or http url, or git url.
32 error System Linux 4.2.0-040200rc3-generic
33 error command "/usr/bin/nodejs" "/usr/bin/npm" "install" "least.js"
34 error cwd /home/anthony/programming/git/angular-agora
35 error node -v v0.10.25
36 error npm -v 1.4.21
37 error code E404
38 verbose exit [ 1, true ]
